{"name": "Test find by status", "status": "failed", "statusDetails": {"message": "AssertionError: assert 200 == 400\n +  where 200 = <Response [200]>.status_code", "trace": "self = <petstore_tests.TestAPI object at 0x0000011ACD739290>, status = 'lost'\n\n    @allure.title(\"Test find by status\")\n    @pytest.mark.parametrize(\"status\", [('sold'), ('lost')])\n    @allure.tag(\"get\", \"pets\")\n    def test_get_status(self, status):\n        pet = requests.get(f\"https://petstore.swagger.io/v2/pet/findByStatus?status={status}\")\n        if status == 'lost':\n            with allure.step(f\"Test response with invalid status:{status}\"):\n>               assert pet.status_code == 400\nE               assert 200 == 400\nE                +  where 200 = <Response [200]>.status_code\n\npetstore_tests.py:88: AssertionError"}, "steps": [{"name": "Test response with invalid status:lost", "status": "failed", "statusDetails": {"message": "AssertionError: assert 200 == 400\n +  where 200 = <Response [200]>.status_code\n", "trace": "  File \"C:\\Users\\Bogdan\\PycharmProjects\\petstore_exam\\petstore_tests.py\", line 88, in test_get_status\n    assert pet.status_code == 400\n"}, "start": 1703762353107, "stop": 1703762353107}], "parameters": [{"name": "status", "value": "'lost'"}], "start": 1703762352167, "stop": 1703762353108, "uuid": "31cbc2a6-5fb3-4a5a-b52d-837ba5ee15ff", "historyId": "428c1c1a5ed529112105945a36996ffd", "testCaseId": "2e7378ddb5eb459a38afea7370ef314c", "fullName": "petstore_tests.TestAPI#test_get_status", "labels": [{"name": "tag", "value": "get"}, {"name": "tag", "value": "pets"}, {"name": "suite", "value": "petstore_tests"}, {"name": "subSuite", "value": "TestAPI"}, {"name": "host", "value": "DESKTOP-P4JOVQQ"}, {"name": "thread", "value": "7480-MainThread"}, {"name": "framework", "value": "pytest"}, {"name": "language", "value": "cpython3"}, {"name": "package", "value": "petstore_tests"}]}